<?xml version="1.0" encoding="UTF-8"?>
<!-- Generated by org.testng.reporters.JUnitReportReporter -->
<testsuite skipped="0" hostname="ES-LAPTOP-760" name="com.easyproctor.qa.testcases.TestAuthpopup" tests="1" failures="0" timestamp="02 Jun 2023 03:06:37 GMT" time="8.487" errors="0">
  <testcase name="LaunchBrowser" time="8.487" classname="com.easyproctor.qa.testcases.TestAuthpopup"/>
</testsuite> <!-- com.easyproctor.qa.testcases.TestAuthpopup -->
