<?xml version="1.0" encoding="UTF-8"?>
<!-- Generated by org.testng.reporters.JUnitReportReporter -->
<testsuite skipped="0" hostname="ES-SYS-656" name="com.easyproctor.qa.testcases.LoginPageTest" tests="2" failures="0" timestamp="22 Oct 2021 10:14:14 GMT" time="10.332" errors="0">
  <testcase name="loginTest" time="10.321" classname="com.easyproctor.qa.testcases.LoginPageTest"/>
  <testcase name="validateLoginPageTitleTest" time="0.011" classname="com.easyproctor.qa.testcases.LoginPageTest"/>
</testsuite> <!-- com.easyproctor.qa.testcases.LoginPageTest -->
