<?xml version="1.0" encoding="UTF-8"?>
<!-- Generated by org.testng.reporters.JUnitReportReporter -->
<testsuite skipped="0" hostname="ES-LAPTOP-760" name="com.easyproctor.qa.testcases.Testing" tests="1" failures="0" timestamp="02 Jun 2023 07:16:53 GMT" time="11.946" errors="0">
  <testcase name="LaunchBrowser" time="11.946" classname="com.easyproctor.qa.testcases.Testing"/>
</testsuite> <!-- com.easyproctor.qa.testcases.Testing -->
